2021-11-28 14:14:54,329 - INFO - This is a info log.
2021-11-28 14:27:50,946 - INFO - 视频all_handles：['CDwindow-00614A67E39A078746EB504AE5B1F29E', 'CDwindow-C3E3FDDEDFEFB96D262492F7BC3057A8']
2021-11-28 14:27:55,215 - INFO - 未找到重新播放,继续while
2021-11-28 14:28:09,314 - INFO - 未找到重新播放,继续while
2021-11-28 14:28:23,404 - INFO - 未找到重新播放,继续while
2021-11-28 14:28:37,430 - INFO - 未找到重新播放,继续while
2021-11-28 14:28:51,456 - INFO - 未找到重新播放,继续while
2021-11-28 14:29:05,496 - INFO - 未找到重新播放,继续while
2021-11-28 14:29:19,535 - INFO - 未找到重新播放,继续while
2021-11-28 14:29:33,570 - INFO - 未找到重新播放,继续while
2021-11-28 14:29:47,595 - INFO - 未找到重新播放,继续while
2021-11-28 14:30:01,258 - INFO - 触发obj
2021-11-28 14:30:01,586 - INFO - 视频all_handles：['CDwindow-00614A67E39A078746EB504AE5B1F29E', 'CDwindow-75CB5E1570F641A1498750C7A33A939D']
2021-11-28 14:30:05,944 - INFO - 未找到重新播放,继续while
2021-11-28 14:30:19,990 - INFO - 未找到重新播放,继续while
2021-11-28 14:30:34,008 - INFO - 未找到重新播放,继续while
2021-11-28 14:30:44,094 - INFO - 触发obj
2021-11-28 14:30:44,373 - INFO - 视频all_handles：['CDwindow-00614A67E39A078746EB504AE5B1F29E', 'CDwindow-CB3E0B13D95F7FEAD9FE1F05E23FB2DE']
2021-11-28 14:30:48,597 - INFO - 未找到重新播放,继续while
2021-11-28 14:31:02,622 - INFO - 未找到重新播放,继续while
2021-11-28 14:31:16,658 - INFO - 未找到重新播放,继续while
2021-11-28 14:31:30,709 - INFO - 未找到重新播放,继续while
2021-11-28 14:31:44,793 - INFO - 未找到重新播放,继续while
2021-11-28 14:31:58,834 - INFO - 未找到重新播放,继续while
2021-11-28 14:32:12,865 - INFO - 未找到重新播放,继续while
2021-11-28 14:32:26,879 - INFO - 未找到重新播放,继续while
2021-11-28 14:32:40,909 - INFO - 未找到重新播放,继续while
2021-11-28 14:32:54,990 - INFO - 未找到重新播放,继续while
2021-11-28 14:33:09,049 - INFO - 未找到重新播放,继续while
2021-11-28 14:33:23,085 - INFO - 未找到重新播放,继续while
2021-11-28 14:33:37,161 - INFO - 未找到重新播放,继续while
2021-11-28 14:33:51,167 - INFO - 未找到重新播放,继续while
2021-11-28 14:34:05,263 - INFO - 未找到重新播放,继续while
2021-11-28 14:34:15,380 - INFO - 触发obj
2021-11-28 14:34:15,839 - INFO - 视频all_handles：['CDwindow-00614A67E39A078746EB504AE5B1F29E', 'CDwindow-8547BC41E80896283869E267F33309D8']
2021-11-28 14:34:20,372 - INFO - 未找到重新播放,继续while
2021-11-28 14:34:34,439 - INFO - 未找到重新播放,继续while
2021-11-28 14:34:48,457 - INFO - 未找到重新播放,继续while
2021-11-28 14:35:02,541 - INFO - 未找到重新播放,继续while
2021-11-28 14:35:16,563 - INFO - 未找到重新播放,继续while
2021-11-28 14:35:30,610 - INFO - 未找到重新播放,继续while
2021-11-28 14:35:44,624 - INFO - 未找到重新播放,继续while
2021-11-28 14:35:58,654 - INFO - 未找到重新播放,继续while
2021-11-28 14:36:08,775 - INFO - 触发obj
2021-11-28 14:36:09,099 - INFO - 视频all_handles：['CDwindow-00614A67E39A078746EB504AE5B1F29E', 'CDwindow-D9D0F25803A18072D77E3391B134D63A']
2021-11-28 14:36:13,420 - INFO - 未找到重新播放,继续while
2021-11-28 14:36:27,483 - INFO - 未找到重新播放,继续while
2021-11-28 14:36:41,526 - INFO - 未找到重新播放,继续while
2021-11-28 14:36:55,541 - INFO - 未找到重新播放,继续while
2021-11-28 14:37:05,852 - INFO - 触发obj
2021-11-28 14:37:05,911 - INFO - 进入答题主函数
2021-11-28 14:37:05,912 - INFO - 答题类型判断
2021-11-28 14:37:05,912 - INFO - 进入每日答题
2021-11-28 14:37:07,738 - INFO - 判断完成，开始答题
2021-11-28 14:37:08,196 - INFO - isFontExist获取提示中的答案
2021-11-28 14:37:08,196 - INFO - 获取答案循环1
2021-11-28 14:37:12,706 - INFO - 提示获取完毕，抛出
2021-11-28 14:37:12,706 - INFO - 删除空值错误：list index out of range
2021-11-28 14:37:12,706 - INFO - 将list补全为五个元素
2021-11-28 14:37:12,777 - INFO - flag_font和flag_list为：5,['empty', 'empty', 'empty', 'empty', 'empty']
2021-11-28 14:37:12,798 - INFO - 判断为视频或填空题
2021-11-28 14:37:12,798 - INFO - 尝试将flag_list填入视频或填空题中
2021-11-28 14:37:17,004 - INFO - 填入出错：Message: no such element: Unable to locate element: {"method":"xpath","selector":"//*[@class='q-body']/div[2]/input"}
  (Session info: chrome=96.0.4664.45)

2021-11-28 14:37:22,024 - INFO - 点击确定
2021-11-28 14:37:23,145 - INFO - 点击下一题
2021-11-28 14:37:27,252 - INFO - 没有下一题了：Message: no such element: Unable to locate element: {"method":"xpath","selector":"//*[@class='ant-btn submit-btn ant-btn-primary ant-btn-background-ghost']"}
  (Session info: chrome=96.0.4664.45)

2021-11-28 14:37:27,362 - INFO - isFontExist获取提示中的答案
2021-11-28 14:37:27,362 - INFO - 获取答案循环1
2021-11-28 14:37:27,900 - INFO - 答案为党章
2021-11-28 14:37:28,400 - INFO - 获取答案循环2
2021-11-28 14:37:32,936 - INFO - 提示获取完毕，抛出
2021-11-28 14:37:32,940 - INFO - 将list补全为五个元素
2021-11-28 14:37:33,042 - INFO - flag_font和flag_list为：5,['党章', 'empty', 'empty', 'empty', 'empty']
2021-11-28 14:37:33,061 - INFO - 判断为视频或填空题
2021-11-28 14:37:33,061 - INFO - 尝试将flag_list填入视频或填空题中
2021-11-28 14:37:37,209 - INFO - 填入出错：Message: no such element: Unable to locate element: {"method":"xpath","selector":"//*[@class='q-body']/div[2]/input"}
  (Session info: chrome=96.0.4664.45)

2021-11-28 14:37:42,234 - INFO - 点击确定
2021-11-28 14:37:43,328 - INFO - 点击下一题
2021-11-28 14:37:47,478 - INFO - 没有下一题了：Message: no such element: Unable to locate element: {"method":"xpath","selector":"//*[@class='ant-btn submit-btn ant-btn-primary ant-btn-background-ghost']"}
  (Session info: chrome=96.0.4664.45)

2021-11-28 14:37:47,591 - INFO - isFontExist获取提示中的答案
2021-11-28 14:37:47,591 - INFO - 获取答案循环1
2021-11-28 14:37:48,130 - INFO - 答案为嘉定
2021-11-28 14:37:48,636 - INFO - 获取答案循环2
2021-11-28 14:37:53,150 - INFO - 提示获取完毕，抛出
2021-11-28 14:37:53,150 - INFO - 将list补全为五个元素
2021-11-28 14:37:53,202 - INFO - flag_font和flag_list为：5,['嘉定', 'empty', 'empty', 'empty', 'empty']
2021-11-28 14:37:53,222 - INFO - 判断为视频或填空题
2021-11-28 14:37:53,222 - INFO - 尝试将flag_list填入视频或填空题中
2021-11-28 14:37:57,384 - INFO - 填入出错：Message: no such element: Unable to locate element: {"method":"xpath","selector":"//*[@class='q-body']/div[2]/input"}
  (Session info: chrome=96.0.4664.45)

2021-11-28 14:38:02,431 - INFO - 点击确定
2021-11-28 14:38:03,528 - INFO - 点击下一题
2021-11-28 14:38:07,665 - INFO - 没有下一题了：Message: no such element: Unable to locate element: {"method":"xpath","selector":"//*[@class='ant-btn submit-btn ant-btn-primary ant-btn-background-ghost']"}
  (Session info: chrome=96.0.4664.45)

2021-11-28 14:38:07,745 - INFO - isFontExist获取提示中的答案
2021-11-28 14:38:07,745 - INFO - 获取答案循环1
2021-11-28 14:38:08,286 - INFO - 答案为动力
2021-11-28 14:38:08,793 - INFO - 获取答案循环2
2021-11-28 14:38:13,327 - INFO - 提示获取完毕，抛出
2021-11-28 14:38:13,327 - INFO - 将list补全为五个元素
2021-11-28 14:38:13,382 - INFO - flag_font和flag_list为：5,['动力', 'empty', 'empty', 'empty', 'empty']
2021-11-28 14:38:13,397 - INFO - 判断为视频或填空题
2021-11-28 14:38:13,397 - INFO - 尝试将flag_list填入视频或填空题中
2021-11-28 14:38:17,542 - INFO - 填入出错：Message: no such element: Unable to locate element: {"method":"xpath","selector":"//*[@class='q-body']/div[2]/input"}
  (Session info: chrome=96.0.4664.45)

2021-11-28 14:38:22,585 - INFO - 点击确定
2021-11-28 14:38:23,661 - INFO - 点击下一题
2021-11-28 14:38:27,776 - INFO - 没有下一题了：Message: no such element: Unable to locate element: {"method":"xpath","selector":"//*[@class='ant-btn submit-btn ant-btn-primary ant-btn-background-ghost']"}
  (Session info: chrome=96.0.4664.45)

2021-11-28 14:38:27,865 - INFO - isFontExist获取提示中的答案
2021-11-28 14:38:27,865 - INFO - 获取答案循环1
2021-11-28 14:38:28,406 - INFO - 答案为坚持紧紧围绕加强和改善党的全面领导
2021-11-28 14:38:28,911 - INFO - 获取答案循环2
2021-11-28 14:38:29,455 - INFO - 答案为坚持全面从严治党各领域各方面各环节全覆盖
2021-11-28 14:38:29,956 - INFO - 获取答案循环3
2021-11-28 14:38:30,496 - INFO - 答案为坚持真管真严、敢管敢严、长管长严
2021-11-28 14:38:31,002 - INFO - 获取答案循环4
2021-11-28 14:38:31,556 - INFO - 答案为坚持全面从严治党过程和效果相统一
2021-11-28 14:38:32,060 - INFO - 获取答案循环5
2021-11-28 14:38:36,630 - INFO - 提示获取完毕，抛出
2021-11-28 14:38:36,631 - INFO - 将list补全为五个元素
2021-11-28 14:38:36,699 - INFO - flag_font和flag_list为：5,['坚持紧紧围绕加强和改善党的全面领导', '坚持全面从严治党各领域各方面各环节全覆盖', '坚持真管真严、敢管敢严、长管长严', '坚持全面从严治党过程和效果相统一', 'empty']
2021-11-28 14:38:40,754 - INFO - 判断为选择题,尝试匹配点击
2021-11-28 14:38:40,754 - INFO - 执行click_xuanze函数
2021-11-28 14:38:40,754 - INFO - 进入选择函数
2021-11-28 14:38:40,754 - INFO - 尝试模糊匹配pattern值与答案:.*?坚持紧紧围绕加强和改善党的全面领导.*?
2021-11-28 14:38:40,799 - INFO - 匹配成功,点击
2021-11-28 14:38:41,388 - INFO - 尝试模糊匹配pattern值与答案:.*?坚持真管真严、敢管敢严、长管长严.*?
2021-11-28 14:38:41,412 - INFO - 匹配失败
2021-11-28 14:38:41,412 - INFO - 尝试模糊匹配pattern值与答案:.*?坚持全面从严治党过程和效果相统一.*?
2021-11-28 14:38:41,440 - INFO - 匹配失败
2021-11-28 14:38:41,440 - INFO - 尝试模糊匹配pattern值与答案:.*?empty.*?
2021-11-28 14:38:41,467 - INFO - 匹配失败
2021-11-28 14:38:41,467 - INFO - 尝试模糊匹配pattern值与答案:.*?坚持全面从严治党各领域各方面各环节全覆盖.*?
2021-11-28 14:38:41,509 - INFO - 匹配成功,点击
2021-11-28 14:38:42,083 - INFO - 尝试模糊匹配pattern值与答案:.*?坚持全面从严治党过程和效果相统一.*?
2021-11-28 14:38:42,108 - INFO - 匹配失败
2021-11-28 14:38:42,108 - INFO - 尝试模糊匹配pattern值与答案:.*?empty.*?
2021-11-28 14:38:42,133 - INFO - 匹配失败
2021-11-28 14:38:42,133 - INFO - 尝试模糊匹配pattern值与答案:.*?坚持真管真严、敢管敢严、长管长严.*?
2021-11-28 14:38:42,173 - INFO - 匹配成功,点击
2021-11-28 14:38:42,747 - INFO - 尝试模糊匹配pattern值与答案:.*?empty.*?
2021-11-28 14:38:42,772 - INFO - 匹配失败
2021-11-28 14:38:42,772 - INFO - 尝试模糊匹配pattern值与答案:.*?坚持全面从严治党过程和效果相统一.*?
2021-11-28 14:38:42,812 - INFO - 匹配成功,点击
2021-11-28 14:38:43,397 - INFO - 尝试模糊匹配pattern值与答案:.*?empty.*?
2021-11-28 14:38:47,427 - INFO - 执行click_xuanze函数出错：Message: no such element: Unable to locate element: {"method":"xpath","selector":"//*[@class='q-answers']/div[5]"}
  (Session info: chrome=96.0.4664.45)

2021-11-28 14:38:48,441 - INFO - 点击确定
2021-11-28 14:38:49,568 - INFO - 点击下一题
2021-11-28 14:38:53,599 - INFO - 没有下一题了：Message: no such element: Unable to locate element: {"method":"xpath","selector":"//*[@class='ant-btn next-btn ant-btn-primary']"}
  (Session info: chrome=96.0.4664.45)

2021-11-28 14:38:57,636 - INFO - 答题大循环：Message: no such element: Unable to locate element: {"method":"css selector","selector":".tips"}
  (Session info: chrome=96.0.4664.45)

2021-11-28 14:39:01,642 - INFO - 答题大循环：Message: no such element: Unable to locate element: {"method":"css selector","selector":".tips"}
  (Session info: chrome=96.0.4664.45)

2021-11-28 14:39:05,693 - INFO - 答题大循环：Message: no such element: Unable to locate element: {"method":"css selector","selector":".tips"}
  (Session info: chrome=96.0.4664.45)

2021-11-28 14:39:09,753 - INFO - 答题大循环：Message: no such element: Unable to locate element: {"method":"css selector","selector":".tips"}
  (Session info: chrome=96.0.4664.45)

2021-11-28 14:39:13,770 - INFO - 答题大循环：Message: no such element: Unable to locate element: {"method":"css selector","selector":".tips"}
  (Session info: chrome=96.0.4664.45)

2021-11-28 14:39:17,778 - INFO - 答题大循环：Message: no such element: Unable to locate element: {"method":"css selector","selector":".tips"}
  (Session info: chrome=96.0.4664.45)

2021-11-28 14:39:21,802 - INFO - 答题大循环：Message: no such element: Unable to locate element: {"method":"css selector","selector":".tips"}
  (Session info: chrome=96.0.4664.45)

2021-11-28 14:39:25,860 - INFO - 答题大循环：Message: no such element: Unable to locate element: {"method":"css selector","selector":".tips"}
  (Session info: chrome=96.0.4664.45)

2021-11-28 14:39:29,882 - INFO - 答题大循环：Message: no such element: Unable to locate element: {"method":"css selector","selector":".tips"}
  (Session info: chrome=96.0.4664.45)

2021-11-28 14:39:29,882 - INFO - 进入答题主函数
2021-11-28 14:39:29,882 - INFO - 答题类型判断
2021-11-28 14:39:29,882 - INFO - 周或专项答题，需要做判断是否有可用题目
2021-11-28 14:39:36,943 - INFO - 查找可答题目
2021-11-28 14:39:38,045 - INFO - 判断完成，开始答题
2021-11-28 14:39:38,177 - INFO - isFontExist获取提示中的答案
2021-11-28 14:39:38,177 - INFO - 获取答案循环1
2021-11-28 14:39:38,736 - INFO - 答案为生态保护和高质量发展形势
2021-11-28 14:39:39,236 - INFO - 获取答案循环2
2021-11-28 14:39:39,782 - INFO - 答案为生态保护和高质量发展
2021-11-28 14:39:40,287 - INFO - 获取答案循环3
2021-11-28 14:39:44,826 - INFO - 提示获取完毕，抛出
2021-11-28 14:39:44,826 - INFO - 将list补全为五个元素
2021-11-28 14:39:44,896 - INFO - flag_font和flag_list为：5,['生态保护和高质量发展形势', '生态保护和高质量发展', 'empty', 'empty', 'empty']
2021-11-28 14:39:48,969 - INFO - 判断为选择题,尝试匹配点击
2021-11-28 14:39:48,969 - INFO - 执行click_xuanze函数
2021-11-28 14:39:48,969 - INFO - 进入选择函数
2021-11-28 14:39:48,969 - INFO - 尝试模糊匹配pattern值与答案:.*?生态保护和高质量发展形势.*?
2021-11-28 14:39:49,009 - INFO - 匹配成功,点击
2021-11-28 14:39:49,614 - INFO - 尝试模糊匹配pattern值与答案:.*?empty.*?
2021-11-28 14:39:49,639 - INFO - 匹配失败
2021-11-28 14:39:49,639 - INFO - 尝试模糊匹配pattern值与答案:.*?empty.*?
2021-11-28 14:39:49,664 - INFO - 匹配失败
2021-11-28 14:39:49,684 - INFO - 尝试模糊匹配pattern值与答案:.*?empty.*?
2021-11-28 14:39:49,739 - INFO - 匹配失败
2021-11-28 14:39:49,739 - INFO - 尝试模糊匹配pattern值与答案:.*?生态保护和高质量发展.*?
2021-11-28 14:39:49,784 - INFO - 匹配成功,点击
2021-11-28 14:39:50,367 - INFO - 尝试模糊匹配pattern值与答案:.*?empty.*?
2021-11-28 14:39:50,391 - INFO - 匹配失败
2021-11-28 14:39:50,391 - INFO - 尝试模糊匹配pattern值与答案:.*?empty.*?
2021-11-28 14:39:50,415 - INFO - 匹配失败
2021-11-28 14:39:50,415 - INFO - 尝试模糊匹配pattern值与答案:.*?empty.*?
2021-11-28 14:39:54,430 - INFO - 执行click_xuanze函数出错：Message: no such element: Unable to locate element: {"method":"xpath","selector":"//*[@class='q-answers']/div[3]"}
  (Session info: chrome=96.0.4664.45)

2021-11-28 14:39:55,431 - INFO - 点击确定
2021-11-28 14:39:56,549 - INFO - 点击下一题
2021-11-28 14:40:00,682 - INFO - 没有下一题了：Message: no such element: Unable to locate element: {"method":"xpath","selector":"//*[@class='ant-btn submit-btn ant-btn-primary ant-btn-background-ghost']"}
  (Session info: chrome=96.0.4664.45)

2021-11-28 14:40:00,792 - INFO - isFontExist获取提示中的答案
2021-11-28 14:40:00,792 - INFO - 获取答案循环1
2021-11-28 14:40:01,342 - INFO - 答案为正确政绩观
2021-11-28 14:40:01,855 - INFO - 获取答案循环2
2021-11-28 14:40:02,404 - INFO - 答案为发展和安全两件大事
2021-11-28 14:40:02,917 - INFO - 获取答案循环3
2021-11-28 14:40:03,463 - INFO - 答案为战略思维能力
2021-11-28 14:40:03,970 - INFO - 获取答案循环4
2021-11-28 14:40:04,520 - INFO - 答案为走绿色低碳发展道路
2021-11-28 14:40:05,034 - INFO - 获取答案循环5
2021-11-28 14:40:09,547 - INFO - 提示获取完毕，抛出
2021-11-28 14:40:09,547 - INFO - 将list补全为五个元素
2021-11-28 14:40:09,597 - INFO - flag_font和flag_list为：5,['正确政绩观', '发展和安全两件大事', '战略思维能力', '走绿色低碳发展道路', 'empty']
2021-11-28 14:40:13,668 - INFO - 判断为选择题,尝试匹配点击
2021-11-28 14:40:13,668 - INFO - 执行click_xuanze函数
2021-11-28 14:40:13,668 - INFO - 进入选择函数
2021-11-28 14:40:13,668 - INFO - 尝试模糊匹配pattern值与答案:.*?正确政绩观.*?
2021-11-28 14:40:13,738 - INFO - 匹配成功,点击
2021-11-28 14:40:14,342 - INFO - 尝试模糊匹配pattern值与答案:.*?战略思维能力.*?
2021-11-28 14:40:14,366 - INFO - 匹配失败
2021-11-28 14:40:14,366 - INFO - 尝试模糊匹配pattern值与答案:.*?走绿色低碳发展道路.*?
2021-11-28 14:40:14,394 - INFO - 匹配失败
2021-11-28 14:40:14,394 - INFO - 尝试模糊匹配pattern值与答案:.*?empty.*?
2021-11-28 14:40:14,418 - INFO - 匹配失败
2021-11-28 14:40:14,418 - INFO - 尝试模糊匹配pattern值与答案:.*?发展和安全两件大事.*?
2021-11-28 14:40:14,462 - INFO - 匹配成功,点击
2021-11-28 14:40:15,043 - INFO - 尝试模糊匹配pattern值与答案:.*?走绿色低碳发展道路.*?
2021-11-28 14:40:15,068 - INFO - 匹配失败
2021-11-28 14:40:15,068 - INFO - 尝试模糊匹配pattern值与答案:.*?empty.*?
2021-11-28 14:40:15,093 - INFO - 匹配失败
2021-11-28 14:40:15,093 - INFO - 尝试模糊匹配pattern值与答案:.*?战略思维能力.*?
2021-11-28 14:40:15,133 - INFO - 匹配成功,点击
2021-11-28 14:40:15,712 - INFO - 尝试模糊匹配pattern值与答案:.*?empty.*?
2021-11-28 14:40:15,736 - INFO - 匹配失败
2021-11-28 14:40:15,736 - INFO - 尝试模糊匹配pattern值与答案:.*?走绿色低碳发展道路.*?
2021-11-28 14:40:15,781 - INFO - 匹配成功,点击
2021-11-28 14:40:16,361 - INFO - 尝试模糊匹配pattern值与答案:.*?empty.*?
2021-11-28 14:40:20,412 - INFO - 执行click_xuanze函数出错：Message: no such element: Unable to locate element: {"method":"xpath","selector":"//*[@class='q-answers']/div[5]"}
  (Session info: chrome=96.0.4664.45)

2021-11-28 14:40:21,424 - INFO - 点击确定
2021-11-28 14:40:22,541 - INFO - 点击下一题
2021-11-28 14:40:26,669 - INFO - 没有下一题了：Message: no such element: Unable to locate element: {"method":"xpath","selector":"//*[@class='ant-btn submit-btn ant-btn-primary ant-btn-background-ghost']"}
  (Session info: chrome=96.0.4664.45)

2021-11-28 14:40:26,765 - INFO - isFontExist获取提示中的答案
2021-11-28 14:40:26,765 - INFO - 获取答案循环1
2021-11-28 14:40:27,310 - INFO - 答案为环境问题整
2021-11-28 14:40:27,815 - INFO - 获取答案循环2
2021-11-28 14:40:28,365 - INFO - 答案为治
2021-11-28 14:40:28,870 - INFO - 获取答案循环3
2021-11-28 14:40:29,417 - INFO - 答案为深度节水
2021-11-28 14:40:29,928 - INFO - 获取答案循环4
2021-11-28 14:40:30,483 - INFO - 答案为控水
2021-11-28 14:40:30,992 - INFO - 获取答案循环5
2021-11-28 14:40:31,532 - INFO - 答案为生态保护修复
2021-11-28 14:40:32,041 - INFO - 获取答案循环6
2021-11-28 14:40:36,586 - INFO - 提示获取完毕，抛出
2021-11-28 14:40:36,586 - INFO - 将list补全为五个元素
2021-11-28 14:40:36,631 - INFO - flag_font和flag_list为：5,['环境问题整', '治', '深度节水', '控水', '生态保护修复']
2021-11-28 14:40:40,667 - INFO - 判断为选择题,尝试匹配点击
2021-11-28 14:40:40,667 - INFO - 执行click_xuanze函数
2021-11-28 14:40:40,667 - INFO - 进入选择函数
2021-11-28 14:40:40,667 - INFO - 尝试模糊匹配pattern值与答案:.*?环境问题整.*?
2021-11-28 14:40:40,712 - INFO - 匹配成功,点击
2021-11-28 14:40:41,291 - INFO - 尝试模糊匹配pattern值与答案:.*?深度节水.*?
2021-11-28 14:40:41,315 - INFO - 匹配失败
2021-11-28 14:40:41,315 - INFO - 尝试模糊匹配pattern值与答案:.*?控水.*?
2021-11-28 14:40:41,343 - INFO - 匹配失败
2021-11-28 14:40:41,343 - INFO - 尝试模糊匹配pattern值与答案:.*?生态保护修复.*?
2021-11-28 14:40:41,367 - INFO - 匹配失败
2021-11-28 14:40:41,367 - INFO - 尝试模糊匹配pattern值与答案:.*?治.*?
2021-11-28 14:40:41,411 - INFO - 匹配失败
2021-11-28 14:40:41,411 - INFO - 尝试模糊匹配pattern值与答案:.*?深度节水.*?
2021-11-28 14:40:41,435 - INFO - 匹配成功,点击
2021-11-28 14:40:42,013 - INFO - 尝试模糊匹配pattern值与答案:.*?生态保护修复.*?
2021-11-28 14:40:42,033 - INFO - 匹配失败
2021-11-28 14:40:42,033 - INFO - 尝试模糊匹配pattern值与答案:.*?治.*?
2021-11-28 14:40:42,063 - INFO - 匹配失败
2021-11-28 14:40:42,063 - INFO - 尝试模糊匹配pattern值与答案:.*?控水.*?
2021-11-28 14:40:42,088 - INFO - 匹配失败
2021-11-28 14:40:42,088 - INFO - 尝试模糊匹配pattern值与答案:.*?生态保护修复.*?
2021-11-28 14:40:42,108 - INFO - 匹配成功,点击
2021-11-28 14:40:42,678 - INFO - 尝试模糊匹配pattern值与答案:.*?治.*?
2021-11-28 14:40:46,692 - INFO - 执行click_xuanze函数出错：Message: no such element: Unable to locate element: {"method":"xpath","selector":"//*[@class='q-answers']/div[4]"}
  (Session info: chrome=96.0.4664.45)

2021-11-28 14:40:47,698 - INFO - 点击确定
2021-11-28 14:40:48,794 - INFO - 点击下一题
2021-11-28 14:40:52,922 - INFO - 没有下一题了：Message: no such element: Unable to locate element: {"method":"xpath","selector":"//*[@class='ant-btn submit-btn ant-btn-primary ant-btn-background-ghost']"}
  (Session info: chrome=96.0.4664.45)

2021-11-28 14:40:53,037 - INFO - isFontExist获取提示中的答案
2021-11-28 14:40:53,037 - INFO - 获取答案循环1
2021-11-28 14:40:53,584 - INFO - 答案为抵御自然灾害防线
2021-11-28 14:40:54,090 - INFO - 获取答案循环2
2021-11-28 14:40:54,635 - INFO - 答案为“四水四定”原则
2021-11-28 14:40:55,144 - INFO - 获取答案循环3
2021-11-28 14:40:55,709 - INFO - 答案为生态环境保护治理
2021-11-28 14:40:56,210 - INFO - 获取答案循环4
2021-11-28 14:40:56,758 - INFO - 答案为国土空间保护利用新格局
2021-11-28 14:40:57,272 - INFO - 获取答案循环5
2021-11-28 14:41:01,801 - INFO - 提示获取完毕，抛出
2021-11-28 14:41:01,801 - INFO - 将list补全为五个元素
2021-11-28 14:41:01,866 - INFO - flag_font和flag_list为：5,['抵御自然灾害防线', '“四水四定”原则', '生态环境保护治理', '国土空间保护利用新格局', 'empty']
2021-11-28 14:41:05,904 - INFO - 判断为选择题,尝试匹配点击
2021-11-28 14:41:05,904 - INFO - 执行click_xuanze函数
2021-11-28 14:41:05,904 - INFO - 进入选择函数
2021-11-28 14:41:05,904 - INFO - 尝试模糊匹配pattern值与答案:.*?抵御自然灾害防线.*?
2021-11-28 14:41:05,949 - INFO - 匹配成功,点击
2021-11-28 14:41:06,529 - INFO - 尝试模糊匹配pattern值与答案:.*?生态环境保护治理.*?
2021-11-28 14:41:06,554 - INFO - 匹配失败
2021-11-28 14:41:06,554 - INFO - 尝试模糊匹配pattern值与答案:.*?国土空间保护利用新格局.*?
2021-11-28 14:41:06,579 - INFO - 匹配失败
2021-11-28 14:41:06,579 - INFO - 尝试模糊匹配pattern值与答案:.*?empty.*?
2021-11-28 14:41:06,604 - INFO - 匹配失败
2021-11-28 14:41:06,604 - INFO - 尝试模糊匹配pattern值与答案:.*?“四水四定”原则.*?
2021-11-28 14:41:06,649 - INFO - 匹配成功,点击
2021-11-28 14:41:07,233 - INFO - 尝试模糊匹配pattern值与答案:.*?国土空间保护利用新格局.*?
2021-11-28 14:41:07,268 - INFO - 匹配失败
2021-11-28 14:41:07,268 - INFO - 尝试模糊匹配pattern值与答案:.*?empty.*?
2021-11-28 14:41:07,288 - INFO - 匹配失败
2021-11-28 14:41:07,288 - INFO - 尝试模糊匹配pattern值与答案:.*?生态环境保护治理.*?
2021-11-28 14:41:07,313 - INFO - 匹配成功,点击
2021-11-28 14:41:07,871 - INFO - 尝试模糊匹配pattern值与答案:.*?empty.*?
2021-11-28 14:41:07,896 - INFO - 匹配失败
2021-11-28 14:41:07,896 - INFO - 尝试模糊匹配pattern值与答案:.*?国土空间保护利用新格局.*?
2021-11-28 14:41:07,931 - INFO - 匹配成功,点击
2021-11-28 14:41:08,516 - INFO - 尝试模糊匹配pattern值与答案:.*?empty.*?
2021-11-28 14:41:12,551 - INFO - 执行click_xuanze函数出错：Message: no such element: Unable to locate element: {"method":"xpath","selector":"//*[@class='q-answers']/div[5]"}
  (Session info: chrome=96.0.4664.45)

2021-11-28 14:41:13,555 - INFO - 点击确定
2021-11-28 14:41:14,651 - INFO - 点击下一题
2021-11-28 14:41:18,731 - INFO - 没有下一题了：Message: no such element: Unable to locate element: {"method":"xpath","selector":"//*[@class='ant-btn submit-btn ant-btn-primary ant-btn-background-ghost']"}
  (Session info: chrome=96.0.4664.45)

2021-11-28 14:41:18,806 - INFO - isFontExist获取提示中的答案
2021-11-28 14:41:18,806 - INFO - 获取答案循环1
2021-11-28 14:41:19,362 - INFO - 答案为以水定城
2021-11-28 14:41:19,866 - INFO - 获取答案循环2
2021-11-28 14:41:20,410 - INFO - 答案为以水定地
2021-11-28 14:41:20,916 - INFO - 获取答案循环3
2021-11-28 14:41:21,486 - INFO - 答案为以水定人
2021-11-28 14:41:21,995 - INFO - 获取答案循环4
2021-11-28 14:41:22,549 - INFO - 答案为以水定产
2021-11-28 14:41:23,053 - INFO - 获取答案循环5
2021-11-28 14:41:27,602 - INFO - 提示获取完毕，抛出
2021-11-28 14:41:27,602 - INFO - 将list补全为五个元素
2021-11-28 14:41:27,650 - INFO - flag_font和flag_list为：5,['以水定城', '以水定地', '以水定人', '以水定产', 'empty']
2021-11-28 14:41:31,732 - INFO - 判断为选择题,尝试匹配点击
2021-11-28 14:41:31,732 - INFO - 执行click_xuanze函数
2021-11-28 14:41:31,732 - INFO - 进入选择函数
2021-11-28 14:41:31,732 - INFO - 尝试模糊匹配pattern值与答案:.*?以水定城.*?
2021-11-28 14:41:31,771 - INFO - 匹配成功,点击
2021-11-28 14:41:32,359 - INFO - 尝试模糊匹配pattern值与答案:.*?以水定人.*?
2021-11-28 14:41:32,387 - INFO - 匹配失败
2021-11-28 14:41:32,387 - INFO - 尝试模糊匹配pattern值与答案:.*?以水定产.*?
2021-11-28 14:41:32,411 - INFO - 匹配失败
2021-11-28 14:41:32,411 - INFO - 尝试模糊匹配pattern值与答案:.*?empty.*?
2021-11-28 14:41:32,435 - INFO - 匹配失败
2021-11-28 14:41:32,435 - INFO - 尝试模糊匹配pattern值与答案:.*?以水定地.*?
2021-11-28 14:41:32,479 - INFO - 匹配成功,点击
2021-11-28 14:41:33,063 - INFO - 尝试模糊匹配pattern值与答案:.*?以水定产.*?
2021-11-28 14:41:33,088 - INFO - 匹配失败
2021-11-28 14:41:33,089 - INFO - 尝试模糊匹配pattern值与答案:.*?empty.*?
2021-11-28 14:41:33,110 - INFO - 匹配失败
2021-11-28 14:41:33,110 - INFO - 尝试模糊匹配pattern值与答案:.*?以水定人.*?
2021-11-28 14:41:33,155 - INFO - 匹配成功,点击
2021-11-28 14:41:33,725 - INFO - 尝试模糊匹配pattern值与答案:.*?empty.*?
2021-11-28 14:41:33,750 - INFO - 匹配失败
2021-11-28 14:41:33,750 - INFO - 尝试模糊匹配pattern值与答案:.*?以水定产.*?
2021-11-28 14:41:33,785 - INFO - 匹配成功,点击
2021-11-28 14:41:34,365 - INFO - 尝试模糊匹配pattern值与答案:.*?empty.*?
2021-11-28 14:41:38,389 - INFO - 执行click_xuanze函数出错：Message: no such element: Unable to locate element: {"method":"xpath","selector":"//*[@class='q-answers']/div[5]"}
  (Session info: chrome=96.0.4664.45)

2021-11-28 14:41:39,392 - INFO - 点击确定
2021-11-28 14:41:40,494 - INFO - 点击下一题
2021-11-28 14:41:44,529 - INFO - 没有下一题了：Message: no such element: Unable to locate element: {"method":"xpath","selector":"//*[@class='ant-btn next-btn ant-btn-primary']"}
  (Session info: chrome=96.0.4664.45)

2021-11-28 14:41:48,563 - INFO - 答题大循环：Message: no such element: Unable to locate element: {"method":"css selector","selector":".tips"}
  (Session info: chrome=96.0.4664.45)

2021-11-28 14:41:52,605 - INFO - 答题大循环：Message: no such element: Unable to locate element: {"method":"css selector","selector":".tips"}
  (Session info: chrome=96.0.4664.45)

2021-11-28 14:41:56,669 - INFO - 答题大循环：Message: no such element: Unable to locate element: {"method":"css selector","selector":".tips"}
  (Session info: chrome=96.0.4664.45)

2021-11-28 14:42:00,675 - INFO - 答题大循环：Message: no such element: Unable to locate element: {"method":"css selector","selector":".tips"}
  (Session info: chrome=96.0.4664.45)

2021-11-28 14:42:04,689 - INFO - 答题大循环：Message: no such element: Unable to locate element: {"method":"css selector","selector":".tips"}
  (Session info: chrome=96.0.4664.45)

2021-11-28 14:42:08,705 - INFO - 答题大循环：Message: no such element: Unable to locate element: {"method":"css selector","selector":".tips"}
  (Session info: chrome=96.0.4664.45)

2021-11-28 14:42:12,759 - INFO - 答题大循环：Message: no such element: Unable to locate element: {"method":"css selector","selector":".tips"}
  (Session info: chrome=96.0.4664.45)

2021-11-28 14:42:16,811 - INFO - 答题大循环：Message: no such element: Unable to locate element: {"method":"css selector","selector":".tips"}
  (Session info: chrome=96.0.4664.45)

2021-11-28 14:42:20,821 - INFO - 答题大循环：Message: no such element: Unable to locate element: {"method":"css selector","selector":".tips"}
  (Session info: chrome=96.0.4664.45)

2021-11-28 14:42:20,826 - INFO - 进入答题主函数
2021-11-28 14:42:20,826 - INFO - 答题类型判断
2021-11-28 14:42:20,826 - INFO - 周或专项答题，需要做判断是否有可用题目
2021-11-28 14:42:27,274 - INFO - 查找可答题目
2021-11-28 14:42:28,168 - INFO - 判断完成，开始答题
2021-11-28 14:42:28,667 - INFO - isFontExist获取提示中的答案
2021-11-28 14:42:28,667 - INFO - 获取答案循环1
2021-11-28 14:42:29,214 - INFO - 答案为人民民主
2021-11-28 14:42:29,714 - INFO - 获取答案循环2
2021-11-28 14:42:30,256 - INFO - 答案为全面小康
2021-11-28 14:42:30,761 - INFO - 获取答案循环3
2021-11-28 14:42:31,302 - INFO - 答案为美好生活
2021-11-28 14:42:31,812 - INFO - 获取答案循环4
2021-11-28 14:42:36,349 - INFO - 提示获取完毕，抛出
2021-11-28 14:42:36,349 - INFO - 将list补全为五个元素
2021-11-28 14:42:36,419 - INFO - flag_font和flag_list为：5,['人民民主', '全面小康', '美好生活', 'empty', 'empty']
2021-11-28 14:42:40,457 - INFO - 判断为选择题,尝试匹配点击
2021-11-28 14:42:40,457 - INFO - 执行click_xuanze函数
2021-11-28 14:42:40,459 - INFO - 进入选择函数
2021-11-28 14:42:40,459 - INFO - 尝试模糊匹配pattern值与答案:.*?人民民主.*?
2021-11-28 14:42:40,501 - INFO - 匹配成功,点击
2021-11-28 14:42:41,106 - INFO - 尝试模糊匹配pattern值与答案:.*?美好生活.*?
2021-11-28 14:42:41,131 - INFO - 匹配失败
2021-11-28 14:42:41,131 - INFO - 尝试模糊匹配pattern值与答案:.*?empty.*?
2021-11-28 14:42:41,155 - INFO - 匹配失败
2021-11-28 14:42:41,155 - INFO - 尝试模糊匹配pattern值与答案:.*?empty.*?
2021-11-28 14:42:41,183 - INFO - 匹配失败
2021-11-28 14:42:41,183 - INFO - 尝试模糊匹配pattern值与答案:.*?全面小康.*?
2021-11-28 14:42:41,223 - INFO - 匹配成功,点击
2021-11-28 14:42:41,813 - INFO - 尝试模糊匹配pattern值与答案:.*?empty.*?
2021-11-28 14:42:41,838 - INFO - 匹配失败
2021-11-28 14:42:41,838 - INFO - 尝试模糊匹配pattern值与答案:.*?empty.*?
2021-11-28 14:42:41,863 - INFO - 匹配失败
2021-11-28 14:42:41,863 - INFO - 尝试模糊匹配pattern值与答案:.*?美好生活.*?
2021-11-28 14:42:41,908 - INFO - 匹配成功,点击
2021-11-28 14:42:42,486 - INFO - 尝试模糊匹配pattern值与答案:.*?empty.*?
2021-11-28 14:42:42,511 - INFO - 匹配失败
2021-11-28 14:42:42,511 - INFO - 尝试模糊匹配pattern值与答案:.*?empty.*?
2021-11-28 14:42:46,536 - INFO - 执行click_xuanze函数出错：Message: no such element: Unable to locate element: {"method":"xpath","selector":"//*[@class='q-answers']/div[4]"}
  (Session info: chrome=96.0.4664.45)

2021-11-28 14:42:47,548 - INFO - 点击确定
2021-11-28 14:42:48,665 - INFO - 点击下一题
2021-11-28 14:42:52,769 - INFO - 没有下一题了：Message: no such element: Unable to locate element: {"method":"xpath","selector":"//*[@class='ant-btn submit-btn ant-btn-primary ant-btn-background-ghost']"}
  (Session info: chrome=96.0.4664.45)

2021-11-28 14:42:52,904 - INFO - isFontExist获取提示中的答案
2021-11-28 14:42:52,904 - INFO - 获取答案循环1
2021-11-28 14:42:53,452 - INFO - 答案为科学性和真理性
2021-11-28 14:42:53,955 - INFO - 获取答案循环2
2021-11-28 14:42:54,497 - INFO - 答案为人民性和实践性
2021-11-28 14:42:54,999 - INFO - 获取答案循环3
2021-11-28 14:42:55,538 - INFO - 答案为开放性和时代性
2021-11-28 14:42:56,042 - INFO - 获取答案循环4
2021-11-28 14:43:00,559 - INFO - 提示获取完毕，抛出
2021-11-28 14:43:00,559 - INFO - 将list补全为五个元素
2021-11-28 14:43:00,604 - INFO - flag_font和flag_list为：5,['科学性和真理性', '人民性和实践性', '开放性和时代性', 'empty', 'empty']
2021-11-28 14:43:04,674 - INFO - 判断为选择题,尝试匹配点击
2021-11-28 14:43:04,674 - INFO - 执行click_xuanze函数
2021-11-28 14:43:04,674 - INFO - 进入选择函数
2021-11-28 14:43:04,674 - INFO - 尝试模糊匹配pattern值与答案:.*?科学性和真理性.*?
2021-11-28 14:43:04,718 - INFO - 匹配成功,点击
2021-11-28 14:43:05,303 - INFO - 尝试模糊匹配pattern值与答案:.*?开放性和时代性.*?
2021-11-28 14:43:05,331 - INFO - 匹配失败
2021-11-28 14:43:05,331 - INFO - 尝试模糊匹配pattern值与答案:.*?empty.*?
2021-11-28 14:43:05,356 - INFO - 匹配失败
2021-11-28 14:43:05,356 - INFO - 尝试模糊匹配pattern值与答案:.*?empty.*?
2021-11-28 14:43:05,384 - INFO - 匹配失败
2021-11-28 14:43:05,384 - INFO - 尝试模糊匹配pattern值与答案:.*?人民性和实践性.*?
2021-11-28 14:43:05,425 - INFO - 匹配成功,点击
2021-11-28 14:43:05,998 - INFO - 尝试模糊匹配pattern值与答案:.*?empty.*?
2021-11-28 14:43:06,023 - INFO - 匹配失败
2021-11-28 14:43:06,023 - INFO - 尝试模糊匹配pattern值与答案:.*?empty.*?
2021-11-28 14:43:06,073 - INFO - 匹配失败
2021-11-28 14:43:06,073 - INFO - 尝试模糊匹配pattern值与答案:.*?开放性和时代性.*?
2021-11-28 14:43:06,113 - INFO - 匹配成功,点击
2021-11-28 14:43:06,685 - INFO - 尝试模糊匹配pattern值与答案:.*?empty.*?
2021-11-28 14:43:06,710 - INFO - 匹配失败
2021-11-28 14:43:06,710 - INFO - 尝试模糊匹配pattern值与答案:.*?empty.*?
2021-11-28 14:43:10,714 - INFO - 执行click_xuanze函数出错：Message: no such element: Unable to locate element: {"method":"xpath","selector":"//*[@class='q-answers']/div[4]"}
  (Session info: chrome=96.0.4664.45)

2021-11-28 14:43:11,730 - INFO - 点击确定
2021-11-28 14:43:12,830 - INFO - 点击下一题
2021-11-28 14:43:16,930 - INFO - 没有下一题了：Message: no such element: Unable to locate element: {"method":"xpath","selector":"//*[@class='ant-btn submit-btn ant-btn-primary ant-btn-background-ghost']"}
  (Session info: chrome=96.0.4664.45)

2021-11-28 14:43:16,990 - INFO - isFontExist获取提示中的答案
2021-11-28 14:43:16,990 - INFO - 获取答案循环1
2021-11-28 14:43:17,535 - INFO - 答案为中国式现代化道路
2021-11-28 14:43:18,040 - INFO - 获取答案循环2
2021-11-28 14:43:18,594 - INFO - 答案为全新选择
2021-11-28 14:43:19,098 - INFO - 获取答案循环3
2021-11-28 14:43:19,639 - INFO - 答案为人类命运共同体
2021-11-28 14:43:20,153 - INFO - 获取答案循环4
2021-11-28 14:43:20,692 - INFO - 答案为中国智慧、中国方案、中国力量
2021-11-28 14:43:21,206 - INFO - 获取答案循环5
2021-11-28 14:43:25,746 - INFO - 提示获取完毕，抛出
2021-11-28 14:43:25,751 - INFO - 将list补全为五个元素
2021-11-28 14:43:25,796 - INFO - flag_font和flag_list为：5,['中国式现代化道路', '全新选择', '人类命运共同体', '中国智慧、中国方案、中国力量', 'empty']
2021-11-28 14:43:29,874 - INFO - 判断为选择题,尝试匹配点击
2021-11-28 14:43:29,874 - INFO - 执行click_xuanze函数
2021-11-28 14:43:29,874 - INFO - 进入选择函数
2021-11-28 14:43:29,874 - INFO - 尝试模糊匹配pattern值与答案:.*?中国式现代化道路.*?
2021-11-28 14:43:29,914 - INFO - 匹配成功,点击
2021-11-28 14:43:30,489 - INFO - 尝试模糊匹配pattern值与答案:.*?人类命运共同体.*?
2021-11-28 14:43:30,514 - INFO - 匹配失败
2021-11-28 14:43:30,514 - INFO - 尝试模糊匹配pattern值与答案:.*?中国智慧、中国方案、中国力量.*?
2021-11-28 14:43:30,539 - INFO - 匹配失败
2021-11-28 14:43:30,539 - INFO - 尝试模糊匹配pattern值与答案:.*?empty.*?
2021-11-28 14:43:30,564 - INFO - 匹配失败
2021-11-28 14:43:30,564 - INFO - 尝试模糊匹配pattern值与答案:.*?全新选择.*?
2021-11-28 14:43:30,619 - INFO - 匹配成功,点击
2021-11-28 14:43:31,200 - INFO - 尝试模糊匹配pattern值与答案:.*?中国智慧、中国方案、中国力量.*?
2021-11-28 14:43:31,224 - INFO - 匹配失败
2021-11-28 14:43:31,224 - INFO - 尝试模糊匹配pattern值与答案:.*?empty.*?
2021-11-28 14:43:31,249 - INFO - 匹配失败
2021-11-28 14:43:31,249 - INFO - 尝试模糊匹配pattern值与答案:.*?人类命运共同体.*?
2021-11-28 14:43:31,294 - INFO - 匹配成功,点击
2021-11-28 14:43:31,865 - INFO - 尝试模糊匹配pattern值与答案:.*?empty.*?
2021-11-28 14:43:31,889 - INFO - 匹配失败
2021-11-28 14:43:31,889 - INFO - 尝试模糊匹配pattern值与答案:.*?中国智慧、中国方案、中国力量.*?
2021-11-28 14:43:31,929 - INFO - 匹配成功,点击
2021-11-28 14:43:32,508 - INFO - 尝试模糊匹配pattern值与答案:.*?empty.*?
2021-11-28 14:43:36,573 - INFO - 执行click_xuanze函数出错：Message: no such element: Unable to locate element: {"method":"xpath","selector":"//*[@class='q-answers']/div[5]"}
  (Session info: chrome=96.0.4664.45)

2021-11-28 14:43:37,582 - INFO - 点击确定
2021-11-28 14:43:38,708 - INFO - 点击下一题
2021-11-28 14:43:42,813 - INFO - 没有下一题了：Message: no such element: Unable to locate element: {"method":"xpath","selector":"//*[@class='ant-btn submit-btn ant-btn-primary ant-btn-background-ghost']"}
  (Session info: chrome=96.0.4664.45)

2021-11-28 14:43:42,873 - INFO - isFontExist获取提示中的答案
2021-11-28 14:43:42,873 - INFO - 获取答案循环1
2021-11-28 14:43:43,428 - INFO - 答案为性质宗旨
2021-11-28 14:43:43,933 - INFO - 获取答案循环2
2021-11-28 14:43:44,480 - INFO - 答案为理想信念
2021-11-28 14:43:44,987 - INFO - 获取答案循环3
2021-11-28 14:43:45,533 - INFO - 答案为初心使命
2021-11-28 14:43:46,044 - INFO - 获取答案循环4
2021-11-28 14:43:46,599 - INFO - 答案为自我革命
2021-11-28 14:43:47,113 - INFO - 获取答案循环5
2021-11-28 14:43:51,669 - INFO - 提示获取完毕，抛出
2021-11-28 14:43:51,669 - INFO - 将list补全为五个元素
2021-11-28 14:43:51,714 - INFO - flag_font和flag_list为：5,['性质宗旨', '理想信念', '初心使命', '自我革命', 'empty']
2021-11-28 14:43:55,794 - INFO - 判断为选择题,尝试匹配点击
2021-11-28 14:43:55,794 - INFO - 执行click_xuanze函数
2021-11-28 14:43:55,794 - INFO - 进入选择函数
2021-11-28 14:43:55,799 - INFO - 尝试模糊匹配pattern值与答案:.*?性质宗旨.*?
2021-11-28 14:43:55,839 - INFO - 匹配成功,点击
2021-11-28 14:43:56,447 - INFO - 尝试模糊匹配pattern值与答案:.*?初心使命.*?
2021-11-28 14:43:56,471 - INFO - 匹配失败
2021-11-28 14:43:56,471 - INFO - 尝试模糊匹配pattern值与答案:.*?自我革命.*?
2021-11-28 14:43:56,499 - INFO - 匹配失败
2021-11-28 14:43:56,499 - INFO - 尝试模糊匹配pattern值与答案:.*?empty.*?
2021-11-28 14:43:56,523 - INFO - 匹配失败
2021-11-28 14:43:56,523 - INFO - 尝试模糊匹配pattern值与答案:.*?理想信念.*?
2021-11-28 14:43:56,571 - INFO - 匹配成功,点击
2021-11-28 14:43:57,151 - INFO - 尝试模糊匹配pattern值与答案:.*?自我革命.*?
2021-11-28 14:43:57,176 - INFO - 匹配失败
2021-11-28 14:43:57,176 - INFO - 尝试模糊匹配pattern值与答案:.*?empty.*?
2021-11-28 14:43:57,201 - INFO - 匹配失败
2021-11-28 14:43:57,201 - INFO - 尝试模糊匹配pattern值与答案:.*?初心使命.*?
2021-11-28 14:43:57,246 - INFO - 匹配成功,点击
2021-11-28 14:43:57,815 - INFO - 尝试模糊匹配pattern值与答案:.*?empty.*?
2021-11-28 14:43:57,840 - INFO - 匹配失败
2021-11-28 14:43:57,840 - INFO - 尝试模糊匹配pattern值与答案:.*?自我革命.*?
2021-11-28 14:43:57,880 - INFO - 匹配成功,点击
2021-11-28 14:43:58,465 - INFO - 尝试模糊匹配pattern值与答案:.*?empty.*?
2021-11-28 14:44:02,491 - INFO - 执行click_xuanze函数出错：Message: no such element: Unable to locate element: {"method":"xpath","selector":"//*[@class='q-answers']/div[5]"}
  (Session info: chrome=96.0.4664.45)

2021-11-28 14:44:03,504 - INFO - 点击确定
2021-11-28 14:44:04,630 - INFO - 点击下一题
2021-11-28 14:44:08,740 - INFO - 没有下一题了：Message: no such element: Unable to locate element: {"method":"xpath","selector":"//*[@class='ant-btn submit-btn ant-btn-primary ant-btn-background-ghost']"}
  (Session info: chrome=96.0.4664.45)

2021-11-28 14:44:08,800 - INFO - isFontExist获取提示中的答案
2021-11-28 14:44:08,800 - INFO - 获取答案循环1
2021-11-28 14:44:09,345 - INFO - 答案为关联性
2021-11-28 14:44:09,850 - INFO - 获取答案循环2
2021-11-28 14:44:10,405 - INFO - 答案为耦合性
2021-11-28 14:44:10,910 - INFO - 获取答案循环3
2021-11-28 14:44:15,430 - INFO - 提示获取完毕，抛出
2021-11-28 14:44:15,430 - INFO - 将list补全为五个元素
2021-11-28 14:44:15,480 - INFO - flag_font和flag_list为：5,['关联性', '耦合性', 'empty', 'empty', 'empty']
2021-11-28 14:44:19,513 - INFO - 判断为选择题,尝试匹配点击
2021-11-28 14:44:19,518 - INFO - 执行click_xuanze函数
2021-11-28 14:44:19,518 - INFO - 进入选择函数
2021-11-28 14:44:19,518 - INFO - 尝试模糊匹配pattern值与答案:.*?关联性.*?
2021-11-28 14:44:19,564 - INFO - 匹配成功,点击
2021-11-28 14:44:20,143 - INFO - 尝试模糊匹配pattern值与答案:.*?empty.*?
2021-11-28 14:44:20,167 - INFO - 匹配失败
2021-11-28 14:44:20,167 - INFO - 尝试模糊匹配pattern值与答案:.*?empty.*?
2021-11-28 14:44:20,191 - INFO - 匹配失败
2021-11-28 14:44:20,191 - INFO - 尝试模糊匹配pattern值与答案:.*?empty.*?
2021-11-28 14:44:20,216 - INFO - 匹配失败
2021-11-28 14:44:20,220 - INFO - 尝试模糊匹配pattern值与答案:.*?耦合性.*?
2021-11-28 14:44:20,260 - INFO - 匹配成功,点击
2021-11-28 14:44:20,836 - INFO - 尝试模糊匹配pattern值与答案:.*?empty.*?
2021-11-28 14:44:20,861 - INFO - 匹配失败
2021-11-28 14:44:20,861 - INFO - 尝试模糊匹配pattern值与答案:.*?empty.*?
2021-11-28 14:44:20,886 - INFO - 匹配失败
2021-11-28 14:44:20,886 - INFO - 尝试模糊匹配pattern值与答案:.*?empty.*?
2021-11-28 14:44:24,951 - INFO - 执行click_xuanze函数出错：Message: no such element: Unable to locate element: {"method":"xpath","selector":"//*[@class='q-answers']/div[3]"}
  (Session info: chrome=96.0.4664.45)

2021-11-28 14:44:25,951 - INFO - 点击确定
2021-11-28 14:44:27,050 - INFO - 点击下一题
2021-11-28 14:44:31,136 - INFO - 没有下一题了：Message: no such element: Unable to locate element: {"method":"xpath","selector":"//*[@class='ant-btn submit-btn ant-btn-primary ant-btn-background-ghost']"}
  (Session info: chrome=96.0.4664.45)

2021-11-28 14:44:31,191 - INFO - isFontExist获取提示中的答案
2021-11-28 14:44:31,191 - INFO - 获取答案循环1
2021-11-28 14:44:31,736 - INFO - 答案为小康社会
2021-11-28 14:44:32,252 - INFO - 获取答案循环2
2021-11-28 14:44:32,797 - INFO - 答案为制度保证
2021-11-28 14:44:33,310 - INFO - 获取答案循环3
2021-11-28 14:44:33,845 - INFO - 答案为物质基础
2021-11-28 14:44:34,354 - INFO - 获取答案循环4
2021-11-28 14:44:34,908 - INFO - 答案为精神力量
2021-11-28 14:44:35,421 - INFO - 获取答案循环5
2021-11-28 14:44:39,962 - INFO - 提示获取完毕，抛出
2021-11-28 14:44:39,962 - INFO - 将list补全为五个元素
2021-11-28 14:44:40,012 - INFO - flag_font和flag_list为：5,['小康社会', '制度保证', '物质基础', '精神力量', 'empty']
2021-11-28 14:44:44,063 - INFO - 判断为选择题,尝试匹配点击
2021-11-28 14:44:44,063 - INFO - 执行click_xuanze函数
2021-11-28 14:44:44,063 - INFO - 进入选择函数
2021-11-28 14:44:44,063 - INFO - 尝试模糊匹配pattern值与答案:.*?小康社会.*?
2021-11-28 14:44:44,127 - INFO - 匹配成功,点击
2021-11-28 14:44:44,683 - INFO - 尝试模糊匹配pattern值与答案:.*?物质基础.*?
2021-11-28 14:44:44,707 - INFO - 匹配失败
2021-11-28 14:44:44,707 - INFO - 尝试模糊匹配pattern值与答案:.*?精神力量.*?
2021-11-28 14:44:44,737 - INFO - 匹配失败
2021-11-28 14:44:44,737 - INFO - 尝试模糊匹配pattern值与答案:.*?empty.*?
2021-11-28 14:44:44,762 - INFO - 匹配失败
2021-11-28 14:44:44,762 - INFO - 尝试模糊匹配pattern值与答案:.*?制度保证.*?
2021-11-28 14:44:44,802 - INFO - 匹配成功,点击
2021-11-28 14:44:45,387 - INFO - 尝试模糊匹配pattern值与答案:.*?精神力量.*?
2021-11-28 14:44:45,406 - INFO - 匹配失败
2021-11-28 14:44:45,412 - INFO - 尝试模糊匹配pattern值与答案:.*?empty.*?
2021-11-28 14:44:45,436 - INFO - 匹配失败
2021-11-28 14:44:45,436 - INFO - 尝试模糊匹配pattern值与答案:.*?物质基础.*?
2021-11-28 14:44:45,480 - INFO - 匹配成功,点击
2021-11-28 14:44:46,061 - INFO - 尝试模糊匹配pattern值与答案:.*?empty.*?
2021-11-28 14:44:46,086 - INFO - 匹配失败
2021-11-28 14:44:46,086 - INFO - 尝试模糊匹配pattern值与答案:.*?精神力量.*?
2021-11-28 14:44:46,126 - INFO - 匹配成功,点击
2021-11-28 14:44:46,706 - INFO - 尝试模糊匹配pattern值与答案:.*?empty.*?
2021-11-28 14:44:50,763 - INFO - 执行click_xuanze函数出错：Message: no such element: Unable to locate element: {"method":"xpath","selector":"//*[@class='q-answers']/div[5]"}
  (Session info: chrome=96.0.4664.45)

2021-11-28 14:44:51,766 - INFO - 点击确定
2021-11-28 14:44:52,870 - INFO - 点击下一题
2021-11-28 14:44:56,935 - INFO - 没有下一题了：Message: no such element: Unable to locate element: {"method":"xpath","selector":"//*[@class='ant-btn submit-btn ant-btn-primary ant-btn-background-ghost']"}
  (Session info: chrome=96.0.4664.45)

2021-11-28 14:44:57,015 - INFO - isFontExist获取提示中的答案
2021-11-28 14:44:57,015 - INFO - 获取答案循环1
2021-11-28 14:44:57,560 - INFO - 答案为长期执政
2021-11-28 14:44:58,074 - INFO - 获取答案循环2
2021-11-28 14:44:58,619 - INFO - 答案为改革开放
2021-11-28 14:44:59,122 - INFO - 获取答案循环3
2021-11-28 14:44:59,680 - INFO - 答案为市场经济
2021-11-28 14:45:00,192 - INFO - 获取答案循环4
2021-11-28 14:45:00,741 - INFO - 答案为外部环境
2021-11-28 14:45:01,256 - INFO - 获取答案循环5
2021-11-28 14:45:05,832 - INFO - 提示获取完毕，抛出
2021-11-28 14:45:05,832 - INFO - 将list补全为五个元素
2021-11-28 14:45:05,877 - INFO - flag_font和flag_list为：5,['长期执政', '改革开放', '市场经济', '外部环境', 'empty']
2021-11-28 14:45:09,957 - INFO - 判断为选择题,尝试匹配点击
2021-11-28 14:45:09,957 - INFO - 执行click_xuanze函数
2021-11-28 14:45:09,957 - INFO - 进入选择函数
2021-11-28 14:45:09,957 - INFO - 尝试模糊匹配pattern值与答案:.*?长期执政.*?
2021-11-28 14:45:10,001 - INFO - 匹配成功,点击
2021-11-28 14:45:10,587 - INFO - 尝试模糊匹配pattern值与答案:.*?市场经济.*?
2021-11-28 14:45:10,612 - INFO - 匹配失败
2021-11-28 14:45:10,612 - INFO - 尝试模糊匹配pattern值与答案:.*?外部环境.*?
2021-11-28 14:45:10,637 - INFO - 匹配失败
2021-11-28 14:45:10,637 - INFO - 尝试模糊匹配pattern值与答案:.*?empty.*?
2021-11-28 14:45:10,662 - INFO - 匹配失败
2021-11-28 14:45:10,662 - INFO - 尝试模糊匹配pattern值与答案:.*?改革开放.*?
2021-11-28 14:45:10,702 - INFO - 匹配成功,点击
2021-11-28 14:45:11,292 - INFO - 尝试模糊匹配pattern值与答案:.*?外部环境.*?
2021-11-28 14:45:11,316 - INFO - 匹配失败
2021-11-28 14:45:11,316 - INFO - 尝试模糊匹配pattern值与答案:.*?empty.*?
2021-11-28 14:45:11,345 - INFO - 匹配失败
2021-11-28 14:45:11,345 - INFO - 尝试模糊匹配pattern值与答案:.*?市场经济.*?
2021-11-28 14:45:11,387 - INFO - 匹配成功,点击
2021-11-28 14:45:11,972 - INFO - 尝试模糊匹配pattern值与答案:.*?empty.*?
2021-11-28 14:45:11,997 - INFO - 匹配失败
2021-11-28 14:45:11,997 - INFO - 尝试模糊匹配pattern值与答案:.*?外部环境.*?
2021-11-28 14:45:12,037 - INFO - 匹配成功,点击
2021-11-28 14:45:12,617 - INFO - 尝试模糊匹配pattern值与答案:.*?empty.*?
2021-11-28 14:45:16,672 - INFO - 执行click_xuanze函数出错：Message: no such element: Unable to locate element: {"method":"xpath","selector":"//*[@class='q-answers']/div[5]"}
  (Session info: chrome=96.0.4664.45)

2021-11-28 14:45:17,675 - INFO - 点击确定
2021-11-28 14:45:18,771 - INFO - 点击下一题
2021-11-28 14:45:22,851 - INFO - 没有下一题了：Message: no such element: Unable to locate element: {"method":"xpath","selector":"//*[@class='ant-btn submit-btn ant-btn-primary ant-btn-background-ghost']"}
  (Session info: chrome=96.0.4664.45)

2021-11-28 14:45:22,951 - INFO - isFontExist获取提示中的答案
2021-11-28 14:45:22,951 - INFO - 获取答案循环1
2021-11-28 14:45:23,507 - INFO - 答案为家国情怀
2021-11-28 14:45:24,021 - INFO - 获取答案循环2
2021-11-28 14:45:24,567 - INFO - 答案为思想境界
2021-11-28 14:45:25,077 - INFO - 获取答案循环3
2021-11-28 14:45:25,631 - INFO - 答案为担当本领
2021-11-28 14:45:26,139 - INFO - 获取答案循环4
2021-11-28 14:45:30,699 - INFO - 提示获取完毕，抛出
2021-11-28 14:45:30,699 - INFO - 将list补全为五个元素
2021-11-28 14:45:30,749 - INFO - flag_font和flag_list为：5,['家国情怀', '思想境界', '担当本领', 'empty', 'empty']
2021-11-28 14:45:34,778 - INFO - 判断为选择题,尝试匹配点击
2021-11-28 14:45:34,778 - INFO - 执行click_xuanze函数
2021-11-28 14:45:34,778 - INFO - 进入选择函数
2021-11-28 14:45:34,778 - INFO - 尝试模糊匹配pattern值与答案:.*?家国情怀.*?
2021-11-28 14:45:34,818 - INFO - 匹配成功,点击
2021-11-28 14:45:35,408 - INFO - 尝试模糊匹配pattern值与答案:.*?担当本领.*?
2021-11-28 14:45:35,432 - INFO - 匹配失败
2021-11-28 14:45:35,432 - INFO - 尝试模糊匹配pattern值与答案:.*?empty.*?
2021-11-28 14:45:35,460 - INFO - 匹配失败
2021-11-28 14:45:35,460 - INFO - 尝试模糊匹配pattern值与答案:.*?empty.*?
2021-11-28 14:45:35,484 - INFO - 匹配失败
2021-11-28 14:45:35,484 - INFO - 尝试模糊匹配pattern值与答案:.*?思想境界.*?
2021-11-28 14:45:35,524 - INFO - 匹配成功,点击
2021-11-28 14:45:36,103 - INFO - 尝试模糊匹配pattern值与答案:.*?empty.*?
2021-11-28 14:45:36,127 - INFO - 匹配失败
2021-11-28 14:45:36,127 - INFO - 尝试模糊匹配pattern值与答案:.*?empty.*?
2021-11-28 14:45:36,152 - INFO - 匹配失败
2021-11-28 14:45:36,152 - INFO - 尝试模糊匹配pattern值与答案:.*?担当本领.*?
2021-11-28 14:45:36,197 - INFO - 匹配成功,点击
2021-11-28 14:45:36,777 - INFO - 尝试模糊匹配pattern值与答案:.*?empty.*?
2021-11-28 14:45:36,802 - INFO - 匹配失败
2021-11-28 14:45:36,802 - INFO - 尝试模糊匹配pattern值与答案:.*?empty.*?
2021-11-28 14:45:40,833 - INFO - 执行click_xuanze函数出错：Message: no such element: Unable to locate element: {"method":"xpath","selector":"//*[@class='q-answers']/div[4]"}
  (Session info: chrome=96.0.4664.45)

2021-11-28 14:45:41,839 - INFO - 点击确定
2021-11-28 14:45:42,968 - INFO - 点击下一题
2021-11-28 14:45:47,061 - INFO - 没有下一题了：Message: no such element: Unable to locate element: {"method":"xpath","selector":"//*[@class='ant-btn submit-btn ant-btn-primary ant-btn-background-ghost']"}
  (Session info: chrome=96.0.4664.45)

2021-11-28 14:45:47,167 - INFO - isFontExist获取提示中的答案
2021-11-28 14:45:47,167 - INFO - 获取答案循环1
2021-11-28 14:45:47,716 - INFO - 答案为党的旗帜
2021-11-28 14:45:48,222 - INFO - 获取答案循环2
2021-11-28 14:45:48,751 - INFO - 答案为党的方向
2021-11-28 14:45:49,261 - INFO - 获取答案循环3
2021-11-28 14:45:49,805 - INFO - 答案为党的意志
2021-11-28 14:45:50,305 - INFO - 获取答案循环4
2021-11-28 14:45:54,856 - INFO - 提示获取完毕，抛出
2021-11-28 14:45:54,856 - INFO - 将list补全为五个元素
2021-11-28 14:45:54,916 - INFO - flag_font和flag_list为：5,['党的旗帜', '党的方向', '党的意志', 'empty', 'empty']
2021-11-28 14:45:58,952 - INFO - 判断为选择题,尝试匹配点击
2021-11-28 14:45:58,952 - INFO - 执行click_xuanze函数
2021-11-28 14:45:58,957 - INFO - 进入选择函数
2021-11-28 14:45:58,957 - INFO - 尝试模糊匹配pattern值与答案:.*?党的旗帜.*?
2021-11-28 14:45:58,997 - INFO - 匹配成功,点击
2021-11-28 14:45:59,571 - INFO - 尝试模糊匹配pattern值与答案:.*?党的意志.*?
2021-11-28 14:45:59,599 - INFO - 匹配失败
2021-11-28 14:45:59,599 - INFO - 尝试模糊匹配pattern值与答案:.*?empty.*?
2021-11-28 14:45:59,627 - INFO - 匹配失败
2021-11-28 14:45:59,627 - INFO - 尝试模糊匹配pattern值与答案:.*?empty.*?
2021-11-28 14:45:59,667 - INFO - 匹配失败
2021-11-28 14:45:59,667 - INFO - 尝试模糊匹配pattern值与答案:.*?党的方向.*?
2021-11-28 14:45:59,711 - INFO - 匹配成功,点击
2021-11-28 14:46:00,286 - INFO - 尝试模糊匹配pattern值与答案:.*?empty.*?
2021-11-28 14:46:00,331 - INFO - 匹配失败
2021-11-28 14:46:00,331 - INFO - 尝试模糊匹配pattern值与答案:.*?empty.*?
2021-11-28 14:46:00,356 - INFO - 匹配失败
2021-11-28 14:46:00,356 - INFO - 尝试模糊匹配pattern值与答案:.*?党的意志.*?
2021-11-28 14:46:00,396 - INFO - 匹配成功,点击
2021-11-28 14:46:00,976 - INFO - 尝试模糊匹配pattern值与答案:.*?empty.*?
2021-11-28 14:46:01,000 - INFO - 匹配失败
2021-11-28 14:46:01,000 - INFO - 尝试模糊匹配pattern值与答案:.*?empty.*?
2021-11-28 14:46:05,057 - INFO - 执行click_xuanze函数出错：Message: no such element: Unable to locate element: {"method":"xpath","selector":"//*[@class='q-answers']/div[4]"}
  (Session info: chrome=96.0.4664.45)

2021-11-28 14:46:06,061 - INFO - 点击确定
2021-11-28 14:46:07,151 - INFO - 点击下一题
2021-11-28 14:46:11,262 - INFO - 没有下一题了：Message: no such element: Unable to locate element: {"method":"xpath","selector":"//*[@class='ant-btn submit-btn ant-btn-primary ant-btn-background-ghost']"}
  (Session info: chrome=96.0.4664.45)

2021-11-28 14:46:11,328 - INFO - isFontExist获取提示中的答案
2021-11-28 14:46:11,328 - INFO - 获取答案循环1
2021-11-28 14:46:11,875 - INFO - 答案为物质文明、政治文明、精神文明、社会文明、生态文明
2021-11-28 14:46:12,390 - INFO - 获取答案循环2
2021-11-28 14:46:12,939 - INFO - 答案为国家治理体系和治理能力
2021-11-28 14:46:13,449 - INFO - 获取答案循环3
2021-11-28 14:46:14,004 - INFO - 答案为综合国力和国际影响力
2021-11-28 14:46:14,504 - INFO - 获取答案循环4
2021-11-28 14:46:15,048 - INFO - 答案为共同富裕
2021-11-28 14:46:15,557 - INFO - 获取答案循环5
2021-11-28 14:46:20,109 - INFO - 提示获取完毕，抛出
2021-11-28 14:46:20,109 - INFO - 将list补全为五个元素
2021-11-28 14:46:20,160 - INFO - flag_font和flag_list为：5,['物质文明、政治文明、精神文明、社会文明、生态文明', '国家治理体系和治理能力', '综合国力和国际影响力', '共同富裕', 'empty']
2021-11-28 14:46:24,206 - INFO - 判断为选择题,尝试匹配点击
2021-11-28 14:46:24,206 - INFO - 执行click_xuanze函数
2021-11-28 14:46:24,206 - INFO - 进入选择函数
2021-11-28 14:46:24,206 - INFO - 尝试模糊匹配pattern值与答案:.*?物质文明、政治文明、精神文明、社会文明、生态文明.*?
2021-11-28 14:46:24,246 - INFO - 匹配成功,点击
2021-11-28 14:46:24,841 - INFO - 尝试模糊匹配pattern值与答案:.*?综合国力和国际影响力.*?
2021-11-28 14:46:24,866 - INFO - 匹配失败
2021-11-28 14:46:24,866 - INFO - 尝试模糊匹配pattern值与答案:.*?共同富裕.*?
2021-11-28 14:46:24,891 - INFO - 匹配失败
2021-11-28 14:46:24,891 - INFO - 尝试模糊匹配pattern值与答案:.*?empty.*?
2021-11-28 14:46:24,916 - INFO - 匹配失败
2021-11-28 14:46:24,916 - INFO - 尝试模糊匹配pattern值与答案:.*?国家治理体系和治理能力.*?
2021-11-28 14:46:24,956 - INFO - 匹配成功,点击
2021-11-28 14:46:25,535 - INFO - 尝试模糊匹配pattern值与答案:.*?共同富裕.*?
2021-11-28 14:46:25,590 - INFO - 匹配失败
2021-11-28 14:46:25,590 - INFO - 尝试模糊匹配pattern值与答案:.*?empty.*?
2021-11-28 14:46:25,615 - INFO - 匹配失败
2021-11-28 14:46:25,615 - INFO - 尝试模糊匹配pattern值与答案:.*?综合国力和国际影响力.*?
2021-11-28 14:46:25,660 - INFO - 匹配成功,点击
2021-11-28 14:46:26,233 - INFO - 尝试模糊匹配pattern值与答案:.*?empty.*?
2021-11-28 14:46:26,265 - INFO - 匹配失败
2021-11-28 14:46:26,265 - INFO - 尝试模糊匹配pattern值与答案:.*?共同富裕.*?
2021-11-28 14:46:26,311 - INFO - 匹配成功,点击
2021-11-28 14:46:26,890 - INFO - 尝试模糊匹配pattern值与答案:.*?empty.*?
2021-11-28 14:46:30,930 - INFO - 执行click_xuanze函数出错：Message: no such element: Unable to locate element: {"method":"xpath","selector":"//*[@class='q-answers']/div[5]"}
  (Session info: chrome=96.0.4664.45)

2021-11-28 14:46:31,945 - INFO - 点击确定
2021-11-28 14:46:33,021 - INFO - 点击下一题
2021-11-28 14:46:33,380 - INFO - isFontExist获取提示中的答案
2021-11-28 14:46:33,380 - INFO - 获取答案循环1
2021-11-28 14:46:33,937 - INFO - 答案为物质文明、政治文明、精神文明、社会文明、生态文明
2021-11-28 14:46:34,438 - INFO - 获取答案循环2
2021-11-28 14:46:38,972 - INFO - 提示获取完毕，抛出
2021-11-28 14:46:38,972 - INFO - 将list补全为五个元素
2021-11-28 14:46:42,992 - INFO - 答题大循环：Message: no such element: Unable to locate element: {"method":"css selector","selector":".tips"}
  (Session info: chrome=96.0.4664.45)

2021-11-28 14:46:47,013 - INFO - 答题大循环：Message: no such element: Unable to locate element: {"method":"css selector","selector":".tips"}
  (Session info: chrome=96.0.4664.45)

2021-11-28 14:46:51,045 - INFO - 答题大循环：Message: no such element: Unable to locate element: {"method":"css selector","selector":".tips"}
  (Session info: chrome=96.0.4664.45)

2021-11-28 14:46:55,082 - INFO - 答题大循环：Message: no such element: Unable to locate element: {"method":"css selector","selector":".tips"}
  (Session info: chrome=96.0.4664.45)

2021-11-28 14:46:59,514 - INFO - 当前总积分:3968
2021-11-28 14:46:59,514 - INFO - 今日积分:40
